{"meta": {"format": 3, "version": "7.13.5", "timestamp": "2026-04-28T20:15:07.777120", "branch_coverage": false, "show_contexts": false}, "files": {"src/clanker/__init__.py": {"executed_lines": [3, 4, 5, 6, 7, 8, 9, 10, 11, 12, 14, 18, 64, 65, 68, 110, 133, 135, 138, 140, 141, 144, 145, 153, 155, 156, 157, 158, 159, 160, 161, 162, 163, 168, 169, 170, 180, 181, 182, 183, 186, 188, 191, 192, 193, 202, 203, 204, 205, 206, 207, 216, 217, 218, 219, 220, 221, 222, 223, 224, 225, 226, 227, 228, 229, 230, 231, 232, 235, 236, 239, 240, 241, 246, 262, 263, 266, 267, 268, 269, 270, 277, 279, 287, 289, 290, 291, 292, 293, 295, 296, 297, 298, 301, 303, 304, 308, 313, 315, 316, 317, 318, 319, 322, 324, 325, 331, 333, 334, 335, 336, 337, 339, 341, 342, 343, 344, 346, 348, 349, 350, 351, 359, 367, 370, 371, 372, 376, 377, 378, 379, 386, 387, 388, 391, 392, 394, 395, 396, 399, 400, 401, 408, 409, 410, 413, 414, 415, 418, 420, 421, 422, 426, 427, 428, 429, 431, 432, 433, 434, 435, 436, 439, 440, 441, 442, 443, 450, 451, 453, 456, 457, 458, 461, 462, 463, 466, 467, 468, 470, 473, 475, 478, 480, 481, 485, 486, 487, 488, 489, 490, 492, 493, 496, 497, 498, 499, 501, 502, 504, 508, 509, 510, 523, 531, 598, 600, 602, 604, 605, 606, 607, 609, 610, 611, 619, 620, 621, 626, 627, 628, 629, 633, 634, 636, 639, 642, 674, 681, 682, 683, 685, 686, 688, 689, 690, 691, 693, 694, 695, 696, 697, 698, 699, 700, 701, 702, 704, 708, 709, 710, 712, 713, 716, 719, 721, 722, 723, 724, 725, 726, 731, 739, 740, 741, 743, 746, 747, 750, 751, 752, 753, 754, 755, 756, 758, 761, 762, 765, 766, 769, 770, 772, 780, 782, 785, 787, 790, 792, 793, 794, 795, 796, 799, 801, 802, 803, 804, 807, 809, 812, 814, 815, 816, 817, 818, 821, 823, 824, 825, 826, 829, 831, 832, 833, 834, 835, 836, 837, 838, 840, 843, 854, 855, 856, 859, 860, 861, 863, 864, 865, 866, 867, 868, 869, 870, 872, 873, 876, 877, 878, 884, 885, 888, 889, 890, 891, 892, 893, 894, 896, 897, 898, 899, 901, 904, 905, 906, 907, 908, 909, 910, 911, 913, 916, 917, 918, 919, 920, 921, 922, 923, 924, 926, 929, 930, 931, 932, 933, 934, 935, 936, 937, 939, 940, 941, 942, 943, 945, 948, 949, 950, 951, 952, 953, 956, 957, 959, 960, 961, 962, 963, 964, 965, 968, 974, 975, 976, 977, 978, 980, 981, 982, 986, 996, 1584], "summary": {"covered_lines": 416, "num_statements": 849, "percent_covered": 48.99882214369847, "percent_covered_display": "49", "missing_lines": 433, "excluded_lines": 0, "percent_statements_covered": 48.99882214369847, "percent_statements_covered_display": "49"}, "missing_lines": [210, 211, 212, 213, 247, 248, 249, 250, 251, 252, 253, 260, 261, 275, 276, 361, 362, 363, 364, 389, 390, 411, 412, 437, 482, 500, 505, 524, 525, 526, 527, 528, 532, 535, 537, 538, 539, 540, 543, 544, 545, 546, 547, 548, 549, 551, 552, 555, 556, 557, 558, 559, 560, 562, 563, 564, 565, 566, 567, 568, 569, 570, 571, 573, 574, 575, 578, 579, 580, 581, 582, 583, 584, 585, 586, 587, 588, 589, 592, 593, 594, 595, 630, 631, 637, 643, 650, 651, 657, 658, 659, 660, 661, 665, 666, 684, 714, 728, 844, 845, 846, 847, 848, 850, 851, 857, 858, 862, 874, 880, 883, 966, 967, 969, 970, 971, 972, 987, 988, 998, 999, 1004, 1005, 1006, 1007, 1008, 1009, 1010, 1011, 1012, 1013, 1017, 1022, 1025, 1028, 1035, 1043, 1044, 1049, 1055, 1061, 1067, 1068, 1071, 1072, 1074, 1076, 1080, 1083, 1084, 1088, 1089, 1090, 1092, 1093, 1095, 1096, 1098, 1099, 1100, 1102, 1103, 1104, 1106, 1107, 1109, 1110, 1111, 1113, 1116, 1119, 1123, 1128, 1131, 1134, 1141, 1149, 1150, 1155, 1161, 1167, 1173, 1176, 1177, 1179, 1180, 1181, 1182, 1183, 1184, 1186, 1187, 1188, 1189, 1191, 1194, 1195, 1197, 1198, 1199, 1201, 1203, 1204, 1205, 1208, 1209, 1210, 1211, 1212, 1213, 1214, 1215, 1217, 1220, 1221, 1222, 1223, 1224, 1226, 1229, 1230, 1233, 1234, 1235, 1236, 1239, 1240, 1241, 1242, 1243, 1244, 1245, 1248, 1249, 1250, 1251, 1254, 1255, 1256, 1257, 1258, 1259, 1260, 1261, 1263, 1264, 1266, 1267, 1268, 1272, 1275, 1276, 1277, 1278, 1279, 1280, 1283, 1286, 1287, 1290, 1291, 1302, 1303, 1306, 1307, 1318, 1319, 1329, 1330, 1341, 1342, 1344, 1347, 1348, 1349, 1352, 1353, 1357, 1358, 1362, 1364, 1365, 1367, 1368, 1369, 1374, 1375, 1376, 1377, 1378, 1379, 1381, 1382, 1383, 1384, 1385, 1387, 1388, 1389, 1390, 1393, 1394, 1395, 1396, 1397, 1398, 1399, 1402, 1403, 1405, 1406, 1407, 1408, 1411, 1413, 1414, 1415, 1416, 1417, 1418, 1419, 1421, 1423, 1424, 1425, 1426, 1430, 1432, 1433, 1434, 1435, 1436, 1439, 1440, 1441, 1445, 1446, 1450, 1453, 1454, 1455, 1456, 1459, 1460, 1461, 1462, 1463, 1464, 1465, 1466, 1468, 1470, 1471, 1472, 1473, 1477, 1479, 1480, 1481, 1482, 1483, 1486, 1487, 1488, 1491, 1492, 1493, 1494, 1495, 1498, 1500, 1501, 1505, 1508, 1509, 1510, 1511, 1512, 1513, 1514, 1517, 1518, 1519, 1520, 1521, 1523, 1524, 1525, 1526, 1527, 1532, 1533, 1534, 1535, 1536, 1537, 1539, 1540, 1541, 1542, 1543, 1544, 1546, 1547, 1550, 1551, 1552, 1554, 1555, 1558, 1559, 1560, 1561, 1562, 1564, 1565, 1566, 1567, 1568, 1569, 1570, 1571, 1572, 1573, 1574, 1575, 1576, 1577, 1578, 1579, 1580, 1581, 1585], "excluded_lines": [], "functions": {"resolve_quant": {"executed_lines": [135], "summary": {"covered_lines": 1, "num_statements": 1, "percent_covered": 100.0, "percent_covered_display": "100", "missing_lines": 0, "excluded_lines": 0, "percent_statements_covered": 100.0, "percent_statements_covered_display": "100"}, "missing_lines": [], "excluded_lines": [], "start_line": 133}, "get_bpw": {"executed_lines": [140, 141], "summary": {"covered_lines": 2, "num_statements": 2, "percent_covered": 100.0, "percent_covered_display": "100", "missing_lines": 0, "excluded_lines": 0, "percent_statements_covered": 100.0, "percent_statements_covered_display": "100"}, "missing_lines": [], "excluded_lines": [], "start_line": 138}, "is_dynamic_quant": {"executed_lines": [145], "summary": {"covered_lines": 1, "num_statements": 1, "percent_covered": 100.0, "percent_covered_display": "100", "missing_lines": 0, "excluded_lines": 0, "percent_statements_covered": 100.0, "percent_statements_covered_display": "100"}, "missing_lines": [], "excluded_lines": [], "start_line": 144}, "detect_ram": {"executed_lines": [155, 156, 157, 158, 159, 160, 161, 162, 163, 168, 169, 170, 180, 181, 182, 183], "summary": {"covered_lines": 16, "num_statements": 16, "percent_covered": 100.0, "percent_covered_display": "100", "missing_lines": 0, "excluded_lines": 0, "percent_statements_covered": 100.0, "percent_statements_covered_display": "100"}, "missing_lines": [], "excluded_lines": [], "start_line": 153}, "detect_gpus": {"executed_lines": [188, 191, 192, 193, 202, 203, 204, 205, 206, 207, 216, 217, 218, 219, 220, 221, 222, 223, 224, 225, 226, 227, 228, 229, 230, 231, 232, 235, 236, 239, 240, 241, 246, 262, 263, 266, 267, 268, 269, 270, 277, 279], "summary": {"covered_lines": 42, "num_statements": 57, "percent_covered": 73.6842105263158, "percent_covered_display": "74", "missing_lines": 15, "excluded_lines": 0, "percent_statements_covered": 73.6842105263158, "percent_statements_covered_display": "74"}, "missing_lines": [210, 211, 212, 213, 247, 248, 249, 250, 251, 252, 253, 260, 261, 275, 276], "excluded_lines": [], "start_line": 186}, "get_oh_values": {"executed_lines": [289, 290, 291, 292, 293, 295, 296, 297, 298], "summary": {"covered_lines": 9, "num_statements": 9, "percent_covered": 100.0, "percent_covered_display": "100", "missing_lines": 0, "excluded_lines": 0, "percent_statements_covered": 100.0, "percent_statements_covered_display": "100"}, "missing_lines": [], "excluded_lines": [], "start_line": 287}, "default_overhead": {"executed_lines": [303, 304], "summary": {"covered_lines": 2, "num_statements": 2, "percent_covered": 100.0, "percent_covered_display": "100", "missing_lines": 0, "excluded_lines": 0, "percent_statements_covered": 100.0, "percent_statements_covered_display": "100"}, "missing_lines": [], "excluded_lines": [], "start_line": 301}, "max_billions": {"executed_lines": [315, 316, 317, 318, 319], "summary": {"covered_lines": 5, "num_statements": 5, "percent_covered": 100.0, "percent_covered_display": "100", "missing_lines": 0, "excluded_lines": 0, "percent_statements_covered": 100.0, "percent_statements_covered_display": "100"}, "missing_lines": [], "excluded_lines": [], "start_line": 313}, "make_url": {"executed_lines": [324, 325], "summary": {"covered_lines": 2, "num_statements": 2, "percent_covered": 100.0, "percent_covered_display": "100", "missing_lines": 0, "excluded_lines": 0, "percent_statements_covered": 100.0, "percent_statements_covered_display": "100"}, "missing_lines": [], "excluded_lines": [], "start_line": 322}, "compute_max_context": {"executed_lines": [333, 334, 335, 336, 337, 339, 341, 342, 343, 344, 346, 348, 349, 350, 351], "summary": {"covered_lines": 15, "num_statements": 15, "percent_covered": 100.0, "percent_covered_display": "100", "missing_lines": 0, "excluded_lines": 0, "percent_statements_covered": 100.0, "percent_statements_covered_display": "100"}, "missing_lines": [], "excluded_lines": [], "start_line": 331}, "parse_model_id": {"executed_lines": [], "summary": {"covered_lines": 0, "num_statements": 4, "percent_covered": 0.0, "percent_covered_display": "0", "missing_lines": 4, "excluded_lines": 0, "percent_statements_covered": 0.0, "percent_statements_covered_display": "0"}, "missing_lines": [361, 362, 363, 364], "excluded_lines": [], "start_line": 359}, "fetch_model_max_context": {"executed_lines": [370, 371, 372, 376, 377, 378, 379, 386, 387, 388, 391, 392, 394, 395, 396, 399, 400, 401, 408, 409, 410, 413, 414, 415], "summary": {"covered_lines": 24, "num_statements": 28, "percent_covered": 85.71428571428571, "percent_covered_display": "86", "missing_lines": 4, "excluded_lines": 0, "percent_statements_covered": 85.71428571428571, "percent_statements_covered_display": "86"}, "missing_lines": [389, 390, 411, 412], "excluded_lines": [], "start_line": 367}, "fetch_gguf_files": {"executed_lines": [420, 421, 422, 426, 427, 428, 429, 431, 432, 433, 434, 435, 436, 439, 440, 441, 442, 443, 450, 451, 453], "summary": {"covered_lines": 21, "num_statements": 22, "percent_covered": 95.45454545454545, "percent_covered_display": "95", "missing_lines": 1, "excluded_lines": 0, "percent_statements_covered": 95.45454545454545, "percent_statements_covered_display": "95"}, "missing_lines": [437], "excluded_lines": [], "start_line": 418}, "infer_quant_from_filename": {"executed_lines": [457, 458, 461, 462, 463, 466, 467, 468, 470], "summary": {"covered_lines": 9, "num_statements": 9, "percent_covered": 100.0, "percent_covered_display": "100", "missing_lines": 0, "excluded_lines": 0, "percent_statements_covered": 100.0, "percent_statements_covered_display": "100"}, "missing_lines": [], "excluded_lines": [], "start_line": 456}, "is_4bit_quant": {"executed_lines": [475], "summary": {"covered_lines": 1, "num_statements": 1, "percent_covered": 100.0, "percent_covered_display": "100", "missing_lines": 0, "excluded_lines": 0, "percent_statements_covered": 100.0, "percent_statements_covered_display": "100"}, "missing_lines": [], "excluded_lines": [], "start_line": 473}, "find_best_fit": {"executed_lines": [480, 481, 485, 486, 487, 488, 489, 490, 492, 493, 496, 497, 498, 499, 501, 502, 504, 508, 509, 510], "summary": {"covered_lines": 20, "num_statements": 23, "percent_covered": 86.95652173913044, "percent_covered_display": "87", "missing_lines": 3, "excluded_lines": 0, "percent_statements_covered": 86.95652173913044, "percent_statements_covered_display": "87"}, "missing_lines": [482, 500, 505], "excluded_lines": [], "start_line": 478}, "fmt": {"executed_lines": [], "summary": {"covered_lines": 0, "num_statements": 5, "percent_covered": 0.0, "percent_covered_display": "0", "missing_lines": 5, "excluded_lines": 0, "percent_statements_covered": 0.0, "percent_statements_covered_display": "0"}, "missing_lines": [524, 525, 526, 527, 528], "excluded_lines": [], "start_line": 523}, "print_report": {"executed_lines": [], "summary": {"covered_lines": 0, "num_statements": 50, "percent_covered": 0.0, "percent_covered_display": "0", "missing_lines": 50, "excluded_lines": 0, "percent_statements_covered": 0.0, "percent_statements_covered_display": "0"}, "missing_lines": [532, 535, 537, 538, 539, 540, 543, 544, 545, 546, 547, 548, 549, 551, 552, 555, 556, 557, 558, 559, 560, 562, 563, 564, 565, 566, 567, 568, 569, 570, 571, 573, 574, 575, 578, 579, 580, 581, 582, 583, 584, 585, 586, 587, 588, 589, 592, 593, 594, 595], "excluded_lines": [], "start_line": 531}, "build_sources": {"executed_lines": [600, 602, 604, 605, 606, 607, 609, 610, 611, 619, 620, 621, 626, 627, 628, 629, 633, 634, 636, 639], "summary": {"covered_lines": 20, "num_statements": 23, "percent_covered": 86.95652173913044, "percent_covered_display": "87", "missing_lines": 3, "excluded_lines": 0, "percent_statements_covered": 86.95652173913044, "percent_statements_covered_display": "87"}, "missing_lines": [630, 631, 637], "excluded_lines": [], "start_line": 598}, "json_report": {"executed_lines": [], "summary": {"covered_lines": 0, "num_statements": 10, "percent_covered": 0.0, "percent_covered_display": "0", "missing_lines": 10, "excluded_lines": 0, "percent_statements_covered": 0.0, "percent_statements_covered_display": "0"}, "missing_lines": [643, 650, 651, 657, 658, 659, 660, 661, 665, 666], "excluded_lines": [], "start_line": 642}, "find_best_fit_for_mode": {"executed_lines": [681, 682, 683, 685, 686, 688, 689, 690, 691, 693, 694, 695, 696, 697, 698, 699, 700, 701, 702, 704, 708, 709, 710, 712, 713, 716, 719, 721, 722, 723, 724, 725, 726], "summary": {"covered_lines": 33, "num_statements": 36, "percent_covered": 91.66666666666667, "percent_covered_display": "92", "missing_lines": 3, "excluded_lines": 0, "percent_statements_covered": 91.66666666666667, "percent_statements_covered_display": "92"}, "missing_lines": [684, 714, 728], "excluded_lines": [], "start_line": 674}, "recommend_mode": {"executed_lines": [739, 740, 741, 743, 746, 747, 750, 751, 752, 753, 754, 755, 756, 758, 761, 762, 765, 766, 769, 770, 772], "summary": {"covered_lines": 21, "num_statements": 21, "percent_covered": 100.0, "percent_covered_display": "100", "missing_lines": 0, "excluded_lines": 0, "percent_statements_covered": 100.0, "percent_statements_covered_display": "100"}, "missing_lines": [], "excluded_lines": [], "start_line": 731}, "get_model_dir": {"executed_lines": [782], "summary": {"covered_lines": 1, "num_statements": 1, "percent_covered": 100.0, "percent_covered_display": "100", "missing_lines": 0, "excluded_lines": 0, "percent_statements_covered": 100.0, "percent_statements_covered_display": "100"}, "missing_lines": [], "excluded_lines": [], "start_line": 780}, "get_metadata_file": {"executed_lines": [787], "summary": {"covered_lines": 1, "num_statements": 1, "percent_covered": 100.0, "percent_covered_display": "100", "missing_lines": 0, "excluded_lines": 0, "percent_statements_covered": 100.0, "percent_statements_covered_display": "100"}, "missing_lines": [], "excluded_lines": [], "start_line": 785}, "load_metadata": {"executed_lines": [792, 793, 794, 795, 796], "summary": {"covered_lines": 5, "num_statements": 5, "percent_covered": 100.0, "percent_covered_display": "100", "missing_lines": 0, "excluded_lines": 0, "percent_statements_covered": 100.0, "percent_statements_covered_display": "100"}, "missing_lines": [], "excluded_lines": [], "start_line": 790}, "save_metadata": {"executed_lines": [801, 802, 803, 804], "summary": {"covered_lines": 4, "num_statements": 4, "percent_covered": 100.0, "percent_covered_display": "100", "missing_lines": 0, "excluded_lines": 0, "percent_statements_covered": 100.0, "percent_statements_covered_display": "100"}, "missing_lines": [], "excluded_lines": [], "start_line": 799}, "get_config_file": {"executed_lines": [809], "summary": {"covered_lines": 1, "num_statements": 1, "percent_covered": 100.0, "percent_covered_display": "100", "missing_lines": 0, "excluded_lines": 0, "percent_statements_covered": 100.0, "percent_statements_covered_display": "100"}, "missing_lines": [], "excluded_lines": [], "start_line": 807}, "load_config": {"executed_lines": [814, 815, 816, 817, 818], "summary": {"covered_lines": 5, "num_statements": 5, "percent_covered": 100.0, "percent_covered_display": "100", "missing_lines": 0, "excluded_lines": 0, "percent_statements_covered": 100.0, "percent_statements_covered_display": "100"}, "missing_lines": [], "excluded_lines": [], "start_line": 812}, "save_config": {"executed_lines": [823, 824, 825, 826], "summary": {"covered_lines": 4, "num_statements": 4, "percent_covered": 100.0, "percent_covered_display": "100", "missing_lines": 0, "excluded_lines": 0, "percent_statements_covered": 100.0, "percent_statements_covered_display": "100"}, "missing_lines": [], "excluded_lines": [], "start_line": 821}, "handle_set": {"executed_lines": [831, 832, 833, 834, 835, 836, 837, 838, 840], "summary": {"covered_lines": 9, "num_statements": 9, "percent_covered": 100.0, "percent_covered_display": "100", "missing_lines": 0, "excluded_lines": 0, "percent_statements_covered": 100.0, "percent_statements_covered_display": "100"}, "missing_lines": [], "excluded_lines": [], "start_line": 829}, "list_local_models": {"executed_lines": [], "summary": {"covered_lines": 0, "num_statements": 7, "percent_covered": 0.0, "percent_covered_display": "0", "missing_lines": 7, "excluded_lines": 0, "percent_statements_covered": 0.0, "percent_statements_covered_display": "0"}, "missing_lines": [844, 845, 846, 847, 848, 850, 851], "excluded_lines": [], "start_line": 843}, "handle_ls": {"executed_lines": [855, 856, 859, 860, 861, 863, 864, 865, 866, 867, 868, 869, 870, 872, 873, 876, 877, 878, 884, 885], "summary": {"covered_lines": 20, "num_statements": 26, "percent_covered": 76.92307692307692, "percent_covered_display": "77", "missing_lines": 6, "excluded_lines": 0, "percent_statements_covered": 76.92307692307692, "percent_statements_covered_display": "77"}, "missing_lines": [857, 858, 862, 874, 880, 883], "excluded_lines": [], "start_line": 854}, "handle_rm": {"executed_lines": [889, 890, 891, 892, 893, 894, 896, 897, 898, 899, 901], "summary": {"covered_lines": 11, "num_statements": 11, "percent_covered": 100.0, "percent_covered_display": "100", "missing_lines": 0, "excluded_lines": 0, "percent_statements_covered": 100.0, "percent_statements_covered_display": "100"}, "missing_lines": [], "excluded_lines": [], "start_line": 888}, "handle_info": {"executed_lines": [905, 906, 907, 908, 909, 910, 911, 913], "summary": {"covered_lines": 8, "num_statements": 8, "percent_covered": 100.0, "percent_covered_display": "100", "missing_lines": 0, "excluded_lines": 0, "percent_statements_covered": 100.0, "percent_statements_covered_display": "100"}, "missing_lines": [], "excluded_lines": [], "start_line": 904}, "handle_cp": {"executed_lines": [917, 918, 919, 920, 921, 922, 923, 924, 926], "summary": {"covered_lines": 9, "num_statements": 9, "percent_covered": 100.0, "percent_covered_display": "100", "missing_lines": 0, "excluded_lines": 0, "percent_statements_covered": 100.0, "percent_statements_covered_display": "100"}, "missing_lines": [], "excluded_lines": [], "start_line": 916}, "handle_mv": {"executed_lines": [930, 931, 932, 933, 934, 935, 936, 937, 939, 940, 941, 942, 943, 945], "summary": {"covered_lines": 14, "num_statements": 14, "percent_covered": 100.0, "percent_covered_display": "100", "missing_lines": 0, "excluded_lines": 0, "percent_statements_covered": 100.0, "percent_statements_covered_display": "100"}, "missing_lines": [], "excluded_lines": [], "start_line": 929}, "handle_du": {"executed_lines": [949, 950, 951, 952, 953], "summary": {"covered_lines": 5, "num_statements": 5, "percent_covered": 100.0, "percent_covered_display": "100", "missing_lines": 0, "excluded_lines": 0, "percent_statements_covered": 100.0, "percent_statements_covered_display": "100"}, "missing_lines": [], "excluded_lines": [], "start_line": 948}, "handle_download": {"executed_lines": [957, 959, 960, 961, 962, 963, 964, 965, 968, 974, 975, 976, 977, 978, 980, 981, 982, 986], "summary": {"covered_lines": 18, "num_statements": 26, "percent_covered": 69.23076923076923, "percent_covered_display": "69", "missing_lines": 8, "excluded_lines": 0, "percent_statements_covered": 69.23076923076923, "percent_statements_covered_display": "69"}, "missing_lines": [966, 967, 969, 970, 971, 972, 987, 988], "excluded_lines": [], "start_line": 956}, "main": {"executed_lines": [], "summary": {"covered_lines": 0, "num_statements": 313, "percent_covered": 0.0, "percent_covered_display": "0", "missing_lines": 313, "excluded_lines": 0, "percent_statements_covered": 0.0, "percent_statements_covered_display": "0"}, "missing_lines": [998, 999, 1004, 1005, 1006, 1007, 1008, 1009, 1010, 1011, 1012, 1013, 1017, 1022, 1025, 1028, 1035, 1043, 1044, 1049, 1055, 1061, 1067, 1068, 1071, 1072, 1074, 1076, 1080, 1083, 1084, 1088, 1089, 1090, 1092, 1093, 1095, 1096, 1098, 1099, 1100, 1102, 1103, 1104, 1106, 1107, 1109, 1110, 1111, 1113, 1116, 1119, 1123, 1128, 1131, 1134, 1141, 1149, 1150, 1155, 1161, 1167, 1173, 1176, 1177, 1179, 1180, 1181, 1182, 1183, 1184, 1186, 1187, 1188, 1189, 1191, 1194, 1195, 1197, 1198, 1199, 1201, 1203, 1204, 1205, 1208, 1209, 1210, 1211, 1212, 1213, 1214, 1215, 1217, 1220, 1221, 1222, 1223, 1224, 1226, 1229, 1230, 1233, 1234, 1235, 1236, 1239, 1240, 1241, 1242, 1243, 1244, 1245, 1248, 1249, 1250, 1251, 1254, 1255, 1256, 1257, 1258, 1259, 1260, 1261, 1263, 1264, 1266, 1267, 1268, 1272, 1275, 1276, 1277, 1278, 1279, 1280, 1283, 1286, 1287, 1290, 1291, 1302, 1303, 1306, 1307, 1318, 1319, 1329, 1330, 1341, 1342, 1344, 1347, 1348, 1349, 1352, 1353, 1357, 1358, 1362, 1364, 1365, 1367, 1368, 1369, 1374, 1375, 1376, 1377, 1378, 1379, 1381, 1382, 1383, 1384, 1385, 1387, 1388, 1389, 1390, 1393, 1394, 1395, 1396, 1397, 1398, 1399, 1402, 1403, 1405, 1406, 1407, 1408, 1411, 1413, 1414, 1415, 1416, 1417, 1418, 1419, 1421, 1423, 1424, 1425, 1426, 1430, 1432, 1433, 1434, 1435, 1436, 1439, 1440, 1441, 1445, 1446, 1450, 1453, 1454, 1455, 1456, 1459, 1460, 1461, 1462, 1463, 1464, 1465, 1466, 1468, 1470, 1471, 1472, 1473, 1477, 1479, 1480, 1481, 1482, 1483, 1486, 1487, 1488, 1491, 1492, 1493, 1494, 1495, 1498, 1500, 1501, 1505, 1508, 1509, 1510, 1511, 1512, 1513, 1514, 1517, 1518, 1519, 1520, 1521, 1523, 1524, 1525, 1526, 1527, 1532, 1533, 1534, 1535, 1536, 1537, 1539, 1540, 1541, 1542, 1543, 1544, 1546, 1547, 1550, 1551, 1552, 1554, 1555, 1558, 1559, 1560, 1561, 1562, 1564, 1565, 1566, 1567, 1568, 1569, 1570, 1571, 1572, 1573, 1574, 1575, 1576, 1577, 1578, 1579, 1580, 1581], "excluded_lines": [], "start_line": 996}, "": {"executed_lines": [3, 4, 5, 6, 7, 8, 9, 10, 11, 12, 14, 18, 64, 65, 68, 110, 133, 138, 144, 153, 186, 287, 301, 308, 313, 322, 331, 359, 367, 418, 456, 473, 478, 523, 531, 598, 642, 674, 731, 780, 785, 790, 799, 807, 812, 821, 829, 843, 854, 888, 904, 916, 929, 948, 956, 996, 1584], "summary": {"covered_lines": 57, "num_statements": 58, "percent_covered": 98.27586206896552, "percent_covered_display": "98", "missing_lines": 1, "excluded_lines": 0, "percent_statements_covered": 98.27586206896552, "percent_statements_covered_display": "98"}, "missing_lines": [1585], "excluded_lines": [], "start_line": 1}}, "classes": {"": {"executed_lines": [3, 4, 5, 6, 7, 8, 9, 10, 11, 12, 14, 18, 64, 65, 68, 110, 133, 135, 138, 140, 141, 144, 145, 153, 155, 156, 157, 158, 159, 160, 161, 162, 163, 168, 169, 170, 180, 181, 182, 183, 186, 188, 191, 192, 193, 202, 203, 204, 205, 206, 207, 216, 217, 218, 219, 220, 221, 222, 223, 224, 225, 226, 227, 228, 229, 230, 231, 232, 235, 236, 239, 240, 241, 246, 262, 263, 266, 267, 268, 269, 270, 277, 279, 287, 289, 290, 291, 292, 293, 295, 296, 297, 298, 301, 303, 304, 308, 313, 315, 316, 317, 318, 319, 322, 324, 325, 331, 333, 334, 335, 336, 337, 339, 341, 342, 343, 344, 346, 348, 349, 350, 351, 359, 367, 370, 371, 372, 376, 377, 378, 379, 386, 387, 388, 391, 392, 394, 395, 396, 399, 400, 401, 408, 409, 410, 413, 414, 415, 418, 420, 421, 422, 426, 427, 428, 429, 431, 432, 433, 434, 435, 436, 439, 440, 441, 442, 443, 450, 451, 453, 456, 457, 458, 461, 462, 463, 466, 467, 468, 470, 473, 475, 478, 480, 481, 485, 486, 487, 488, 489, 490, 492, 493, 496, 497, 498, 499, 501, 502, 504, 508, 509, 510, 523, 531, 598, 600, 602, 604, 605, 606, 607, 609, 610, 611, 619, 620, 621, 626, 627, 628, 629, 633, 634, 636, 639, 642, 674, 681, 682, 683, 685, 686, 688, 689, 690, 691, 693, 694, 695, 696, 697, 698, 699, 700, 701, 702, 704, 708, 709, 710, 712, 713, 716, 719, 721, 722, 723, 724, 725, 726, 731, 739, 740, 741, 743, 746, 747, 750, 751, 752, 753, 754, 755, 756, 758, 761, 762, 765, 766, 769, 770, 772, 780, 782, 785, 787, 790, 792, 793, 794, 795, 796, 799, 801, 802, 803, 804, 807, 809, 812, 814, 815, 816, 817, 818, 821, 823, 824, 825, 826, 829, 831, 832, 833, 834, 835, 836, 837, 838, 840, 843, 854, 855, 856, 859, 860, 861, 863, 864, 865, 866, 867, 868, 869, 870, 872, 873, 876, 877, 878, 884, 885, 888, 889, 890, 891, 892, 893, 894, 896, 897, 898, 899, 901, 904, 905, 906, 907, 908, 909, 910, 911, 913, 916, 917, 918, 919, 920, 921, 922, 923, 924, 926, 929, 930, 931, 932, 933, 934, 935, 936, 937, 939, 940, 941, 942, 943, 945, 948, 949, 950, 951, 952, 953, 956, 957, 959, 960, 961, 962, 963, 964, 965, 968, 974, 975, 976, 977, 978, 980, 981, 982, 986, 996, 1584], "summary": {"covered_lines": 416, "num_statements": 849, "percent_covered": 48.99882214369847, "percent_covered_display": "49", "missing_lines": 433, "excluded_lines": 0, "percent_statements_covered": 48.99882214369847, "percent_statements_covered_display": "49"}, "missing_lines": [210, 211, 212, 213, 247, 248, 249, 250, 251, 252, 253, 260, 261, 275, 276, 361, 362, 363, 364, 389, 390, 411, 412, 437, 482, 500, 505, 524, 525, 526, 527, 528, 532, 535, 537, 538, 539, 540, 543, 544, 545, 546, 547, 548, 549, 551, 552, 555, 556, 557, 558, 559, 560, 562, 563, 564, 565, 566, 567, 568, 569, 570, 571, 573, 574, 575, 578, 579, 580, 581, 582, 583, 584, 585, 586, 587, 588, 589, 592, 593, 594, 595, 630, 631, 637, 643, 650, 651, 657, 658, 659, 660, 661, 665, 666, 684, 714, 728, 844, 845, 846, 847, 848, 850, 851, 857, 858, 862, 874, 880, 883, 966, 967, 969, 970, 971, 972, 987, 988, 998, 999, 1004, 1005, 1006, 1007, 1008, 1009, 1010, 1011, 1012, 1013, 1017, 1022, 1025, 1028, 1035, 1043, 1044, 1049, 1055, 1061, 1067, 1068, 1071, 1072, 1074, 1076, 1080, 1083, 1084, 1088, 1089, 1090, 1092, 1093, 1095, 1096, 1098, 1099, 1100, 1102, 1103, 1104, 1106, 1107, 1109, 1110, 1111, 1113, 1116, 1119, 1123, 1128, 1131, 1134, 1141, 1149, 1150, 1155, 1161, 1167, 1173, 1176, 1177, 1179, 1180, 1181, 1182, 1183, 1184, 1186, 1187, 1188, 1189, 1191, 1194, 1195, 1197, 1198, 1199, 1201, 1203, 1204, 1205, 1208, 1209, 1210, 1211, 1212, 1213, 1214, 1215, 1217, 1220, 1221, 1222, 1223, 1224, 1226, 1229, 1230, 1233, 1234, 1235, 1236, 1239, 1240, 1241, 1242, 1243, 1244, 1245, 1248, 1249, 1250, 1251, 1254, 1255, 1256, 1257, 1258, 1259, 1260, 1261, 1263, 1264, 1266, 1267, 1268, 1272, 1275, 1276, 1277, 1278, 1279, 1280, 1283, 1286, 1287, 1290, 1291, 1302, 1303, 1306, 1307, 1318, 1319, 1329, 1330, 1341, 1342, 1344, 1347, 1348, 1349, 1352, 1353, 1357, 1358, 1362, 1364, 1365, 1367, 1368, 1369, 1374, 1375, 1376, 1377, 1378, 1379, 1381, 1382, 1383, 1384, 1385, 1387, 1388, 1389, 1390, 1393, 1394, 1395, 1396, 1397, 1398, 1399, 1402, 1403, 1405, 1406, 1407, 1408, 1411, 1413, 1414, 1415, 1416, 1417, 1418, 1419, 1421, 1423, 1424, 1425, 1426, 1430, 1432, 1433, 1434, 1435, 1436, 1439, 1440, 1441, 1445, 1446, 1450, 1453, 1454, 1455, 1456, 1459, 1460, 1461, 1462, 1463, 1464, 1465, 1466, 1468, 1470, 1471, 1472, 1473, 1477, 1479, 1480, 1481, 1482, 1483, 1486, 1487, 1488, 1491, 1492, 1493, 1494, 1495, 1498, 1500, 1501, 1505, 1508, 1509, 1510, 1511, 1512, 1513, 1514, 1517, 1518, 1519, 1520, 1521, 1523, 1524, 1525, 1526, 1527, 1532, 1533, 1534, 1535, 1536, 1537, 1539, 1540, 1541, 1542, 1543, 1544, 1546, 1547, 1550, 1551, 1552, 1554, 1555, 1558, 1559, 1560, 1561, 1562, 1564, 1565, 1566, 1567, 1568, 1569, 1570, 1571, 1572, 1573, 1574, 1575, 1576, 1577, 1578, 1579, 1580, 1581, 1585], "excluded_lines": [], "start_line": 1}}}, "src/clanker/__main__.py": {"executed_lines": [], "summary": {"covered_lines": 0, "num_statements": 3, "percent_covered": 0.0, "percent_covered_display": "0", "missing_lines": 3, "excluded_lines": 0, "percent_statements_covered": 0.0, "percent_statements_covered_display": "0"}, "missing_lines": [1, 3, 4], "excluded_lines": [], "functions": {"": {"executed_lines": [], "summary": {"covered_lines": 0, "num_statements": 3, "percent_covered": 0.0, "percent_covered_display": "0", "missing_lines": 3, "excluded_lines": 0, "percent_statements_covered": 0.0, "percent_statements_covered_display": "0"}, "missing_lines": [1, 3, 4], "excluded_lines": [], "start_line": 1}}, "classes": {"": {"executed_lines": [], "summary": {"covered_lines": 0, "num_statements": 3, "percent_covered": 0.0, "percent_covered_display": "0", "missing_lines": 3, "excluded_lines": 0, "percent_statements_covered": 0.0, "percent_statements_covered_display": "0"}, "missing_lines": [1, 3, 4], "excluded_lines": [], "start_line": 1}}}}, "totals": {"covered_lines": 416, "num_statements": 852, "percent_covered": 48.82629107981221, "percent_covered_display": "49", "missing_lines": 436, "excluded_lines": 0, "percent_statements_covered": 48.82629107981221, "percent_statements_covered_display": "49"}}